<?xml version="1.0" encoding="UTF-8"?>
<testng-results ignored="0" total="2" passed="2" failed="0" skipped="0">
  <reporter-output>
  </reporter-output>
  <suite started-at="2024-11-28T10:27:38 IST" name="Default suite" finished-at="2024-11-28T10:28:11 IST" duration-ms="33469">
    <groups>
    </groups>
    <test started-at="2024-11-28T10:27:38 IST" name="Default test" finished-at="2024-11-28T10:28:11 IST" duration-ms="33469">
      <class name="tests.TestHomePage">
        <test-method is-config="true" signature="setup()[pri:0, instance:tests.TestHomePage@5d0bf09b]" started-at="2024-11-28T10:27:38 IST" name="setup" finished-at="2024-11-28T10:28:07 IST" duration-ms="29102" status="PASS">
          <reporter-output>
          </reporter-output>
        </test-method> <!-- setup -->
        <test-method signature="verifyLoginPage()[pri:0, instance:tests.TestHomePage@5d0bf09b]" started-at="2024-11-28T10:28:07 IST" name="verifyLoginPage" finished-at="2024-11-28T10:28:09 IST" duration-ms="2262" status="PASS">
          <reporter-output>
          </reporter-output>
        </test-method> <!-- verifyLoginPage -->
        <test-method signature="editAccountInformation()[pri:1, instance:tests.TestHomePage@5d0bf09b]" started-at="2024-11-28T10:28:09 IST" name="editAccountInformation" finished-at="2024-11-28T10:28:11 IST" duration-ms="2012" status="PASS">
          <reporter-output>
          </reporter-output>
        </test-method> <!-- editAccountInformation -->
        <test-method is-config="true" signature="close()[pri:0, instance:tests.TestHomePage@5d0bf09b]" started-at="2024-11-28T10:28:11 IST" name="close" finished-at="2024-11-28T10:28:11 IST" duration-ms="0" status="PASS">
          <reporter-output>
          </reporter-output>
        </test-method> <!-- close -->
      </class> <!-- tests.TestHomePage -->
    </test> <!-- Default test -->
  </suite> <!-- Default suite -->
</testng-results>
