<?xml version="1.0" encoding="UTF-8"?>
<testng-results ignored="0" total="1" passed="1" failed="0" skipped="0">
  <reporter-output>
  </reporter-output>
  <suite started-at="2024-11-28T09:47:08 IST" name="Default suite" finished-at="2024-11-28T09:47:35 IST" duration-ms="27086">
    <groups>
    </groups>
    <test started-at="2024-11-28T09:47:08 IST" name="Default test" finished-at="2024-11-28T09:47:35 IST" duration-ms="27086">
      <class name="tests.TestHomePage">
        <test-method is-config="true" signature="setup()[pri:0, instance:tests.TestHomePage@2af004b]" started-at="2024-11-28T09:47:08 IST" name="setup" finished-at="2024-11-28T09:47:33 IST" duration-ms="24812" status="PASS">
          <reporter-output>
          </reporter-output>
        </test-method> <!-- setup -->
        <test-method signature="verifyLoginPage()[pri:0, instance:tests.TestHomePage@2af004b]" started-at="2024-11-28T09:47:33 IST" name="verifyLoginPage" finished-at="2024-11-28T09:47:35 IST" duration-ms="2213" status="PASS">
          <reporter-output>
          </reporter-output>
        </test-method> <!-- verifyLoginPage -->
        <test-method is-config="true" signature="close()[pri:0, instance:tests.TestHomePage@2af004b]" started-at="2024-11-28T09:47:35 IST" name="close" finished-at="2024-11-28T09:47:35 IST" duration-ms="1" status="PASS">
          <reporter-output>
          </reporter-output>
        </test-method> <!-- close -->
      </class> <!-- tests.TestHomePage -->
    </test> <!-- Default test -->
  </suite> <!-- Default suite -->
</testng-results>
